  源.cpp
C:\Users\86184\Desktop\图形化图形化\图形化\图形化\源.cpp(156,23): warning C4018: “<”: 有符号/无符号不匹配
C:\Users\86184\Desktop\图形化图形化\图形化\图形化\源.cpp(164,23): warning C4018: “<”: 有符号/无符号不匹配
C:\Users\86184\Desktop\图形化图形化\图形化\图形化\源.cpp(1443,27): warning C4018: “<”: 有符号/无符号不匹配
C:\Users\86184\Desktop\图形化图形化\图形化\图形化\源.cpp(1448,27): warning C4018: “<”: 有符号/无符号不匹配
C:\Users\86184\Desktop\图形化图形化\图形化\图形化\源.cpp(2014,33): warning C4099: “TSP_node”: 类型名称以前使用“class”现在使用的是“struct”
C:\Users\86184\Desktop\图形化图形化\图形化\图形化\源.cpp(338): message : 参见“TSP_node”的声明
C:\Users\86184\Desktop\图形化图形化\图形化\图形化\源.cpp(2028,21): warning C4018: “>”: 有符号/无符号不匹配
C:\Users\86184\Desktop\图形化图形化\图形化\图形化\源.cpp(2047,19): warning C4018: “<”: 有符号/无符号不匹配
C:\Users\86184\Desktop\图形化图形化\图形化\图形化\源.cpp(2052,50): warning C4018: “>”: 有符号/无符号不匹配
C:\Users\86184\Desktop\图形化图形化\图形化\图形化\源.cpp(2069,23): warning C4018: “<”: 有符号/无符号不匹配
C:\Users\86184\Desktop\图形化图形化\图形化\图形化\源.cpp(2081,23): warning C4018: “<”: 有符号/无符号不匹配
C:\Users\86184\Desktop\图形化图形化\图形化\图形化\源.cpp(2226,43): warning C4018: “<”: 有符号/无符号不匹配
C:\Users\86184\Desktop\图形化图形化\图形化\图形化\源.cpp(2245,47): warning C4018: “<”: 有符号/无符号不匹配
C:\Users\86184\Desktop\图形化图形化\图形化\图形化\源.cpp(2297,39): warning C4018: “<”: 有符号/无符号不匹配
C:\Users\86184\Desktop\图形化图形化\图形化\图形化\源.cpp(2316,43): warning C4018: “<”: 有符号/无符号不匹配
C:\Users\86184\Desktop\图形化图形化\图形化\图形化\源.cpp(2348,43): warning C4018: “<”: 有符号/无符号不匹配
C:\Users\86184\Desktop\图形化图形化\图形化\图形化\源.cpp(2350,43): warning C4018: “<”: 有符号/无符号不匹配
C:\Users\86184\Desktop\图形化图形化\图形化\图形化\源.cpp(2358,43): warning C4018: “<”: 有符号/无符号不匹配
C:\Users\86184\Desktop\图形化图形化\图形化\图形化\源.cpp(2360,43): warning C4018: “<”: 有符号/无符号不匹配
C:\Users\86184\Desktop\图形化图形化\图形化\图形化\源.cpp(2572,23): warning C4018: “<”: 有符号/无符号不匹配
C:\Users\86184\Desktop\图形化图形化\图形化\图形化\源.cpp(2620,43): warning C4018: “<”: 有符号/无符号不匹配
C:\Users\86184\Desktop\图形化图形化\图形化\图形化\源.cpp(2632,23): warning C4018: “<”: 有符号/无符号不匹配
C:\Users\86184\Desktop\图形化图形化\图形化\图形化\源.cpp(2636,23): warning C4018: “<”: 有符号/无符号不匹配
C:\Users\86184\Desktop\图形化图形化\图形化\图形化\源.cpp(2637,27): warning C4018: “<”: 有符号/无符号不匹配
C:\Users\86184\Desktop\图形化图形化\图形化\图形化\源.cpp(2644,23): warning C4018: “<”: 有符号/无符号不匹配
C:\Users\86184\Desktop\图形化图形化\图形化\图形化\源.cpp(2655,33): warning C4099: “TSP_node”: 类型名称以前使用“class”现在使用的是“struct”
C:\Users\86184\Desktop\图形化图形化\图形化\图形化\源.cpp(338): message : 参见“TSP_node”的声明
C:\Users\86184\Desktop\图形化图形化\图形化\图形化\源.cpp(2656,26): warning C4099: “TSP_node”: 类型名称以前使用“class”现在使用的是“struct”
C:\Users\86184\Desktop\图形化图形化\图形化\图形化\源.cpp(338): message : 参见“TSP_node”的声明
C:\Users\86184\Desktop\图形化图形化\图形化\图形化\源.cpp(2658,20): warning C4099: “TSP_node”: 类型名称以前使用“class”现在使用的是“struct”
C:\Users\86184\Desktop\图形化图形化\图形化\图形化\源.cpp(338): message : 参见“TSP_node”的声明
C:\Users\86184\Desktop\图形化图形化\图形化\图形化\源.cpp(2693,23): warning C4018: “<”: 有符号/无符号不匹配
C:\Users\86184\Desktop\图形化图形化\图形化\图形化\源.cpp(2699,23): warning C4018: “<”: 有符号/无符号不匹配
C:\Users\86184\Desktop\图形化图形化\图形化\图形化\源.cpp(2711,27): warning C4018: “<”: 有符号/无符号不匹配
C:\Users\86184\Desktop\图形化图形化\图形化\图形化\源.cpp(2723,27): warning C4018: “<”: 有符号/无符号不匹配
C:\Users\86184\Desktop\图形化图形化\图形化\图形化\源.cpp(2742,31): warning C4018: “<”: 有符号/无符号不匹配
C:\Users\86184\Desktop\图形化图形化\图形化\图形化\源.cpp(2777,31): warning C4018: “<”: 有符号/无符号不匹配
C:\Users\86184\Desktop\图形化图形化\图形化\图形化\源.cpp(2780,31): warning C4018: “<”: 有符号/无符号不匹配
C:\Users\86184\Desktop\图形化图形化\图形化\图形化\源.cpp(2805,31): warning C4018: “<”: 有符号/无符号不匹配
C:\Users\86184\Desktop\图形化图形化\图形化\图形化\源.cpp(2836,31): warning C4018: “<”: 有符号/无符号不匹配
C:\Users\86184\Desktop\图形化图形化\图形化\图形化\源.cpp(2839,31): warning C4018: “<”: 有符号/无符号不匹配
C:\Users\86184\Desktop\图形化图形化\图形化\图形化\源.cpp(2892,25): warning C4099: “T_C_P_T”: 类型名称以前使用“struct”现在使用的是“class”
C:\Users\86184\Desktop\图形化图形化\图形化\图形化\源.cpp(328): message : 参见“T_C_P_T”的声明
C:\Users\86184\Desktop\图形化图形化\图形化\图形化\源.cpp(2893,25): warning C4099: “T_C_P_T”: 类型名称以前使用“struct”现在使用的是“class”
C:\Users\86184\Desktop\图形化图形化\图形化\图形化\源.cpp(328): message : 参见“T_C_P_T”的声明
C:\Users\86184\Desktop\图形化图形化\图形化\图形化\源.cpp(2912,35): warning C4018: “<”: 有符号/无符号不匹配
C:\Users\86184\Desktop\图形化图形化\图形化\图形化\源.cpp(2922,31): warning C4018: “<”: 有符号/无符号不匹配
C:\Users\86184\Desktop\图形化图形化\图形化\图形化\源.cpp(2934,35): warning C4018: “<”: 有符号/无符号不匹配
C:\Users\86184\Desktop\图形化图形化\图形化\图形化\源.cpp(2942,31): warning C4018: “<”: 有符号/无符号不匹配
C:\Users\86184\Desktop\图形化图形化\图形化\图形化\源.cpp(2951,27): warning C4018: “<”: 有符号/无符号不匹配
C:\Users\86184\Desktop\图形化图形化\图形化\图形化\源.cpp(2958,27): warning C4018: “<”: 有符号/无符号不匹配
C:\Users\86184\Desktop\图形化图形化\图形化\图形化\源.cpp(2962,23): warning C4018: “<”: 有符号/无符号不匹配
C:\Users\86184\Desktop\图形化图形化\图形化\图形化\源.cpp(3051,23): warning C4018: “<”: 有符号/无符号不匹配
C:\Users\86184\Desktop\图形化图形化\图形化\图形化\源.cpp(3057,23): warning C4018: “<”: 有符号/无符号不匹配
C:\Users\86184\Desktop\图形化图形化\图形化\图形化\源.cpp(3063,23): warning C4018: “<”: 有符号/无符号不匹配
C:\Users\86184\Desktop\图形化图形化\图形化\图形化\源.cpp(3037,9): warning C4101: “sum”: 未引用的局部变量
C:\Users\86184\Desktop\图形化图形化\图形化\图形化\源.cpp(3038,9): warning C4101: “s”: 未引用的局部变量
C:\Users\86184\Desktop\图形化图形化\图形化\图形化\源.cpp(3229,20): warning C4018: “<”: 有符号/无符号不匹配
C:\Users\86184\Desktop\图形化图形化\图形化\图形化\源.cpp(4111,20): warning C4018: “<”: 有符号/无符号不匹配
C:\Users\86184\Desktop\图形化图形化\图形化\图形化\源.cpp(4261,31): warning C4018: “<”: 有符号/无符号不匹配
C:\Users\86184\Desktop\图形化图形化\图形化\图形化\源.cpp(4407,31): warning C4018: “<”: 有符号/无符号不匹配
C:\Users\86184\Desktop\图形化图形化\图形化\图形化\源.cpp(4501,20): warning C4018: “<”: 有符号/无符号不匹配
C:\Users\86184\Desktop\图形化图形化\图形化\图形化\源.cpp(4647,22): warning C4018: “<”: 有符号/无符号不匹配
C:\Users\86184\Desktop\图形化图形化\图形化\图形化\源.cpp(4794,22): warning C4018: “<”: 有符号/无符号不匹配
  正在生成代码
  1 of 892 functions ( 0.1%) were compiled, the rest were copied from previous compilation.
    0 functions were new in current compilation
    12 functions had inline decision re-evaluated but remain unchanged
  已完成代码的生成
  图形化.vcxproj -> C:\Users\86184\Desktop\图形化图形化\图形化\Release\图形化.exe
